<?xml version="1.0" encoding="UTF-8"?>
<!-- Generated by org.testng.reporters.JUnitXMLReporter -->
<testsuite ignored="2" hostname="Keerthana" failures="0" tests="5" name="Car Loan" time="0.096" errors="0" timestamp="2025-08-10T18:26:15 IST">
  <testcase classname="test.day3" name="MobileloginCarLoan" time="0.009"/>
  <testcase classname="test.day3" name="MobilesignOutCarLoan" time="0.015"/>
  <testcase classname="test.day3" name="MobilesignOutCarLoan" time="0.002"/>
  <testcase classname="test.day3" name="MobilesignOutCarLoan" time="0.001"/>
  <testcase classname="test.day3" name="WebloginCarLoan" time="0.003"/>
  <testcase classname="test.day3" name="APIcarLoan" time="0.0">
    <ignored/>
  </testcase> <!-- APIcarLoan -->
  <testcase classname="test.day3" name="MobilesignInCarLoan" time="0.0">
    <ignored/>
  </testcase> <!-- MobilesignInCarLoan -->
</testsuite> <!-- Car Loan -->
