<?xml version="1.0" encoding="UTF-8"?>
<!-- Generated by org.testng.reporters.JUnitXMLReporter -->
<testsuite ignored="8" hostname="Keerthana" failures="0" tests="3" name="Regression" time="0.062" errors="0" timestamp="2025-08-10T17:38:22 IST">
  <testcase classname="test.day2" name="ploan" time="0.011"/>
  <testcase classname="test.day4" name="LoginAPIHomeLoan" time="0.002"/>
  <testcase classname="test.day3" name="MobileloginCarLoan" time="0.002"/>
  <testcase classname="test.day3" name="APIcarLoan" time="0.0">
    <ignored/>
  </testcase> <!-- APIcarLoan -->
  <testcase classname="test.day3" name="WebloginCarLoan" time="0.0">
    <ignored/>
  </testcase> <!-- WebloginCarLoan -->
  <testcase classname="test.day3" name="MobilesignInCarLoan" time="0.0">
    <ignored/>
  </testcase> <!-- MobilesignInCarLoan -->
  <testcase classname="test.day1" name="SecondTest" time="0.0">
    <ignored/>
  </testcase> <!-- SecondTest -->
  <testcase classname="test.day4" name="MobileloginHomeLoan" time="0.0">
    <ignored/>
  </testcase> <!-- MobileloginHomeLoan -->
  <testcase classname="test.day4" name="WebloginHomeLoan" time="0.0">
    <ignored/>
  </testcase> <!-- WebloginHomeLoan -->
  <testcase classname="test.day3" name="MobilesignOutCarLoan" time="0.0">
    <ignored/>
  </testcase> <!-- MobilesignOutCarLoan -->
  <testcase classname="test.day1" name="Demo" time="0.0">
    <ignored/>
  </testcase> <!-- Demo -->
</testsuite> <!-- Regression -->
