<?xml version="1.0" encoding="UTF-8"?>
<testng-results ignored="3" total="13" passed="9" failed="1" skipped="0">
  <reporter-output>
  </reporter-output>
  <suite started-at="2025-08-10T18:26:14 IST" name="Loan Department" finished-at="2025-08-10T18:26:14 IST" duration-ms="96">
    <groups>
      <group name="Smoke">
        <method signature="day2.ploan()[pri:0, instance:test.day2@4738a206]" name="ploan" class="test.day2"/>
        <method signature="day4.LoginAPIHomeLoan()[pri:0, instance:test.day4@66d3eec0]" name="LoginAPIHomeLoan" class="test.day4"/>
        <method signature="day3.MobileloginCarLoan()[pri:0, instance:test.day3@52b1beb6]" name="MobileloginCarLoan" class="test.day3"/>
      </group> <!-- Smoke -->
    </groups>
    <test started-at="2025-08-10T18:26:14 IST" name="Car Loan" finished-at="2025-08-10T18:26:14 IST" duration-ms="96">
      <class name="test.day3">
        <test-method is-config="true" signature="beforeclass()[pri:0, instance:test.day3@52b1beb6]" started-at="2025-08-10T18:26:14 IST" name="beforeclass" finished-at="2025-08-10T18:26:14 IST" duration-ms="0" status="PASS">
          <reporter-output>
          </reporter-output>
        </test-method> <!-- beforeclass -->
        <test-method is-config="true" signature="beforeEvery()[pri:0, instance:test.day3@52b1beb6]" started-at="2025-08-10T18:26:14 IST" name="beforeEvery" finished-at="2025-08-10T18:26:14 IST" duration-ms="1" status="PASS">
          <reporter-output>
          </reporter-output>
        </test-method> <!-- beforeEvery -->
        <test-method signature="MobileloginCarLoan()[pri:0, instance:test.day3@52b1beb6]" started-at="2025-08-10T18:26:14 IST" name="MobileloginCarLoan" finished-at="2025-08-10T18:26:14 IST" duration-ms="9" status="PASS">
          <reporter-output>
          </reporter-output>
        </test-method> <!-- MobileloginCarLoan -->
        <test-method is-config="true" signature="afterEvery()[pri:0, instance:test.day3@52b1beb6]" started-at="2025-08-10T18:26:14 IST" name="afterEvery" finished-at="2025-08-10T18:26:14 IST" duration-ms="2" status="PASS">
          <reporter-output>
          </reporter-output>
        </test-method> <!-- afterEvery -->
        <test-method is-config="true" signature="beforeEvery()[pri:0, instance:test.day3@52b1beb6]" started-at="2025-08-10T18:26:14 IST" name="beforeEvery" finished-at="2025-08-10T18:26:14 IST" duration-ms="0" status="PASS">
          <reporter-output>
          </reporter-output>
        </test-method> <!-- beforeEvery -->
        <test-method signature="MobilesignOutCarLoan(java.lang.String,java.lang.String)[pri:0, instance:test.day3@52b1beb6]" started-at="2025-08-10T18:26:14 IST" name="MobilesignOutCarLoan" data-provider="getData" finished-at="2025-08-10T18:26:14 IST" duration-ms="15" status="PASS">
          <params>
            <param index="0">
              <value>
                <![CDATA[firstsetusername]]>
              </value>
            </param>
            <param index="1">
              <value>
                <![CDATA[firstpassword]]>
              </value>
            </param>
          </params>
          <reporter-output>
          </reporter-output>
        </test-method> <!-- MobilesignOutCarLoan -->
        <test-method is-config="true" signature="afterEvery()[pri:0, instance:test.day3@52b1beb6]" started-at="2025-08-10T18:26:14 IST" name="afterEvery" finished-at="2025-08-10T18:26:14 IST" duration-ms="0" status="PASS">
          <reporter-output>
          </reporter-output>
        </test-method> <!-- afterEvery -->
        <test-method is-config="true" signature="beforeEvery()[pri:0, instance:test.day3@52b1beb6]" started-at="2025-08-10T18:26:14 IST" name="beforeEvery" finished-at="2025-08-10T18:26:14 IST" duration-ms="0" status="PASS">
          <reporter-output>
          </reporter-output>
        </test-method> <!-- beforeEvery -->
        <test-method signature="MobilesignOutCarLoan(java.lang.String,java.lang.String)[pri:0, instance:test.day3@52b1beb6]" started-at="2025-08-10T18:26:14 IST" name="MobilesignOutCarLoan" data-provider="getData" finished-at="2025-08-10T18:26:14 IST" duration-ms="2" status="PASS">
          <params>
            <param index="0">
              <value>
                <![CDATA[secondsetusername]]>
              </value>
            </param>
            <param index="1">
              <value>
                <![CDATA[secpassword]]>
              </value>
            </param>
          </params>
          <reporter-output>
          </reporter-output>
        </test-method> <!-- MobilesignOutCarLoan -->
        <test-method is-config="true" signature="beforeEvery()[pri:0, instance:test.day3@52b1beb6]" started-at="2025-08-10T18:26:14 IST" name="beforeEvery" finished-at="2025-08-10T18:26:14 IST" duration-ms="1" status="PASS">
          <reporter-output>
          </reporter-output>
        </test-method> <!-- beforeEvery -->
        <test-method is-config="true" signature="afterEvery()[pri:0, instance:test.day3@52b1beb6]" started-at="2025-08-10T18:26:14 IST" name="afterEvery" finished-at="2025-08-10T18:26:14 IST" duration-ms="0" status="PASS">
          <reporter-output>
          </reporter-output>
        </test-method> <!-- afterEvery -->
        <test-method signature="MobilesignOutCarLoan(java.lang.String,java.lang.String)[pri:0, instance:test.day3@52b1beb6]" started-at="2025-08-10T18:26:14 IST" name="MobilesignOutCarLoan" data-provider="getData" finished-at="2025-08-10T18:26:14 IST" duration-ms="1" status="PASS">
          <params>
            <param index="0">
              <value>
                <![CDATA[thirdsetusername]]>
              </value>
            </param>
            <param index="1">
              <value>
                <![CDATA[thirdcpassword]]>
              </value>
            </param>
          </params>
          <reporter-output>
          </reporter-output>
        </test-method> <!-- MobilesignOutCarLoan -->
        <test-method is-config="true" signature="afterEvery()[pri:0, instance:test.day3@52b1beb6]" started-at="2025-08-10T18:26:14 IST" name="afterEvery" finished-at="2025-08-10T18:26:14 IST" duration-ms="0" status="PASS">
          <reporter-output>
          </reporter-output>
        </test-method> <!-- afterEvery -->
        <test-method is-config="true" signature="beforeEvery()[pri:0, instance:test.day3@52b1beb6]" started-at="2025-08-10T18:26:14 IST" name="beforeEvery" finished-at="2025-08-10T18:26:14 IST" duration-ms="1" status="PASS">
          <reporter-output>
          </reporter-output>
        </test-method> <!-- beforeEvery -->
        <test-method signature="WebloginCarLoan(java.lang.String)[pri:0, instance:test.day3@52b1beb6]" started-at="2025-08-10T18:26:14 IST" name="WebloginCarLoan" finished-at="2025-08-10T18:26:14 IST" duration-ms="3" status="PASS">
          <params>
            <param index="0">
              <value>
                <![CDATA[qaclickacademy.com]]>
              </value>
            </param>
          </params>
          <reporter-output>
          </reporter-output>
        </test-method> <!-- WebloginCarLoan -->
        <test-method is-config="true" signature="afterEvery()[pri:0, instance:test.day3@52b1beb6]" started-at="2025-08-10T18:26:14 IST" name="afterEvery" finished-at="2025-08-10T18:26:14 IST" duration-ms="2" status="PASS">
          <reporter-output>
          </reporter-output>
        </test-method> <!-- afterEvery -->
        <test-method is-config="true" signature="afterclass()[pri:0, instance:test.day3@52b1beb6]" started-at="2025-08-10T18:26:14 IST" name="afterclass" finished-at="2025-08-10T18:26:14 IST" duration-ms="0" status="PASS">
          <reporter-output>
          </reporter-output>
        </test-method> <!-- afterclass -->
      </class> <!-- test.day3 -->
      <class name="test.day1">
        <test-method is-config="true" signature="Bfsuite()[pri:0, instance:test.day1@1da2cb77]" started-at="2025-08-10T18:26:14 IST" name="Bfsuite" finished-at="2025-08-10T18:26:14 IST" duration-ms="6" status="PASS">
          <reporter-output>
          </reporter-output>
        </test-method> <!-- Bfsuite -->
        <test-method is-config="true" signature="Afsuite()[pri:0, instance:test.day1@1da2cb77]" started-at="2025-08-10T18:26:15 IST" name="Afsuite" finished-at="2025-08-10T18:26:15 IST" duration-ms="1" status="PASS">
          <reporter-output>
          </reporter-output>
        </test-method> <!-- Afsuite -->
      </class> <!-- test.day1 -->
    </test> <!-- Car Loan -->
    <test started-at="2025-08-10T18:26:14 IST" name="Personal Loan" finished-at="2025-08-10T18:26:14 IST" duration-ms="90">
      <class name="test.day4">
        <test-method signature="LoginAPIHomeLoan()[pri:0, instance:test.day4@66d3eec0]" started-at="2025-08-10T18:26:14 IST" name="LoginAPIHomeLoan" finished-at="2025-08-10T18:26:14 IST" duration-ms="3" status="PASS">
          <reporter-output>
          </reporter-output>
        </test-method> <!-- LoginAPIHomeLoan -->
        <test-method signature="MobileloginHomeLoan()[pri:0, instance:test.day4@66d3eec0]" started-at="2025-08-10T18:26:14 IST" name="MobileloginHomeLoan" finished-at="2025-08-10T18:26:14 IST" duration-ms="6" status="PASS">
          <reporter-output>
          </reporter-output>
        </test-method> <!-- MobileloginHomeLoan -->
        <test-method signature="WebloginHomeLoan()[pri:0, instance:test.day4@66d3eec0]" started-at="2025-08-10T18:26:14 IST" name="WebloginHomeLoan" finished-at="2025-08-10T18:26:14 IST" duration-ms="4" status="PASS">
          <reporter-output>
          </reporter-output>
        </test-method> <!-- WebloginHomeLoan -->
      </class> <!-- test.day4 -->
      <class name="test.day2">
        <test-method is-config="true" signature="prerequiste()[pri:0, instance:test.day2@4738a206]" started-at="2025-08-10T18:26:14 IST" name="prerequiste" finished-at="2025-08-10T18:26:14 IST" duration-ms="1" status="PASS">
          <reporter-output>
          </reporter-output>
        </test-method> <!-- prerequiste -->
        <test-method signature="ploan()[pri:0, instance:test.day2@4738a206]" started-at="2025-08-10T18:26:14 IST" name="ploan" finished-at="2025-08-10T18:26:14 IST" duration-ms="5" status="PASS">
          <reporter-output>
          </reporter-output>
        </test-method> <!-- ploan -->
        <test-method is-config="true" signature="lastexecution()[pri:0, instance:test.day2@4738a206]" started-at="2025-08-10T18:26:14 IST" name="lastexecution" finished-at="2025-08-10T18:26:14 IST" duration-ms="3" status="PASS">
          <reporter-output>
          </reporter-output>
        </test-method> <!-- lastexecution -->
      </class> <!-- test.day2 -->
      <class name="test.day1">
        <test-method signature="Demo()[pri:0, instance:test.day1@1da2cb77]" started-at="2025-08-10T18:26:14 IST" name="Demo" finished-at="2025-08-10T18:26:14 IST" duration-ms="13" status="FAIL">
          <exception class="java.lang.AssertionError">
            <message>
              <![CDATA[expected [true] but found [false]]]>
            </message>
            <full-stacktrace>
              <![CDATA[java.lang.AssertionError: expected [true] but found [false]
at org.testng.Assert.fail(Assert.java:99)
at org.testng.Assert.failNotEquals(Assert.java:1037)
at org.testng.Assert.assertTrue(Assert.java:45)
at org.testng.Assert.assertTrue(Assert.java:55)
at test.day1.Demo(day1.java:29)
at java.base/jdk.internal.reflect.DirectMethodHandleAccessor.invoke(DirectMethodHandleAccessor.java:103)
at java.base/java.lang.reflect.Method.invoke(Method.java:580)
at org.testng.internal.MethodInvocationHelper.invokeMethod(MethodInvocationHelper.java:133)
at org.testng.internal.TestInvoker.invokeMethod(TestInvoker.java:598)
at org.testng.internal.TestInvoker.invokeTestMethod(TestInvoker.java:173)
at org.testng.internal.MethodRunner.runInSequence(MethodRunner.java:46)
at org.testng.internal.TestInvoker$MethodInvocationAgent.invoke(TestInvoker.java:824)
at org.testng.internal.TestInvoker.invokeTestMethods(TestInvoker.java:146)
at org.testng.internal.TestMethodWorker.invokeTestMethods(TestMethodWorker.java:146)
at org.testng.internal.TestMethodWorker.run(TestMethodWorker.java:128)
at java.base/java.util.ArrayList.forEach(ArrayList.java:1596)
at org.testng.TestRunner.privateRun(TestRunner.java:794)
at org.testng.TestRunner.run(TestRunner.java:596)
at org.testng.SuiteRunner.runTest(SuiteRunner.java:377)
at org.testng.SuiteRunner.access$000(SuiteRunner.java:28)
at org.testng.SuiteRunner$SuiteWorker.run(SuiteRunner.java:418)
at org.testng.internal.thread.ThreadUtil.lambda$execute$0(ThreadUtil.java:64)
at java.base/java.util.concurrent.FutureTask.run(FutureTask.java:317)
at java.base/java.util.concurrent.ThreadPoolExecutor.runWorker(ThreadPoolExecutor.java:1144)
at java.base/java.util.concurrent.ThreadPoolExecutor$Worker.run(ThreadPoolExecutor.java:642)
at java.base/java.lang.Thread.run(Thread.java:1583)
]]>
            </full-stacktrace>
          </exception> <!-- java.lang.AssertionError -->
          <reporter-output>
          </reporter-output>
        </test-method> <!-- Demo -->
        <test-method is-config="true" signature="lastexecution()[pri:0, instance:test.day1@1da2cb77]" started-at="2025-08-10T18:26:14 IST" name="lastexecution" finished-at="2025-08-10T18:26:14 IST" duration-ms="1" status="PASS">
          <reporter-output>
          </reporter-output>
        </test-method> <!-- lastexecution -->
      </class> <!-- test.day1 -->
    </test> <!-- Personal Loan -->
  </suite> <!-- Loan Department -->
</testng-results>
